2026-04-17T00:51:44.833+05:00  INFO 13472 --- [lab9JavaSpring] [main] o.e.s.l.Lab9JavaSpringApplication        : Starting Lab9JavaSpringApplication using Java 17.0.14 with PID 13472 (D:\work\проекты\JavaSpring\lab9JavaSpring\build\classes\java\main started by user in D:\work\проекты\JavaSpring\lab9JavaSpring)
2026-04-17T00:51:44.836+05:00  INFO 13472 --- [lab9JavaSpring] [main] o.e.s.l.Lab9JavaSpringApplication        : The following 1 profile is active: "prod"
2026-04-17T00:51:45.754+05:00  INFO 13472 --- [lab9JavaSpring] [main] .s.d.r.c.RepositoryConfigurationDelegate : Multiple Spring Data modules found, entering strict repository configuration mode
2026-04-17T00:51:45.756+05:00  INFO 13472 --- [lab9JavaSpring] [main] .s.d.r.c.RepositoryConfigurationDelegate : Bootstrapping Spring Data JPA repositories in DEFAULT mode.
2026-04-17T00:51:45.820+05:00  INFO 13472 --- [lab9JavaSpring] [main] .RepositoryConfigurationExtensionSupport : Spring Data JPA - Could not safely identify store assignment for repository candidate interface org.example.springlab.lab9javaspring.repository.UserRepository; If you want this repository to be a JPA repository, consider annotating your entities with one of these annotations: jakarta.persistence.Entity, jakarta.persistence.MappedSuperclass (preferred), or consider extending one of the following types with your repository: org.springframework.data.jpa.repository.JpaRepository
2026-04-17T00:51:45.840+05:00  INFO 13472 --- [lab9JavaSpring] [main] .s.d.r.c.RepositoryConfigurationDelegate : Finished Spring Data repository scanning in 66 ms. Found 1 JPA repository interface.
2026-04-17T00:51:45.899+05:00  INFO 13472 --- [lab9JavaSpring] [main] .s.d.r.c.RepositoryConfigurationDelegate : Multiple Spring Data modules found, entering strict repository configuration mode
2026-04-17T00:51:45.899+05:00  INFO 13472 --- [lab9JavaSpring] [main] .s.d.r.c.RepositoryConfigurationDelegate : Bootstrapping Spring Data MongoDB repositories in DEFAULT mode.
2026-04-17T00:51:45.910+05:00  INFO 13472 --- [lab9JavaSpring] [main] .RepositoryConfigurationExtensionSupport : Spring Data MongoDB - Could not safely identify store assignment for repository candidate interface org.example.springlab.lab9javaspring.repository.AuditLogRepository; If you want this repository to be a MongoDB repository, consider annotating your entities with one of these annotations: org.springframework.data.mongodb.core.mapping.Document (preferred), or consider extending one of the following types with your repository: org.springframework.data.mongodb.repository.MongoRepository
2026-04-17T00:51:45.918+05:00  INFO 13472 --- [lab9JavaSpring] [main] .s.d.r.c.RepositoryConfigurationDelegate : Finished Spring Data repository scanning in 15 ms. Found 1 MongoDB repository interface.
2026-04-17T00:51:46.625+05:00  INFO 13472 --- [lab9JavaSpring] [main] o.s.boot.tomcat.TomcatWebServer          : Tomcat initialized with port 8080 (http)
2026-04-17T00:51:46.643+05:00  INFO 13472 --- [lab9JavaSpring] [main] o.apache.catalina.core.StandardService   : Starting service [Tomcat]
2026-04-17T00:51:46.644+05:00  INFO 13472 --- [lab9JavaSpring] [main] o.apache.catalina.core.StandardEngine    : Starting Servlet engine: [Apache Tomcat/11.0.20]
2026-04-17T00:51:46.720+05:00  INFO 13472 --- [lab9JavaSpring] [main] b.w.c.s.WebApplicationContextInitializer : Root WebApplicationContext: initialization completed in 1854 ms
2026-04-17T00:51:47.041+05:00  INFO 13472 --- [lab9JavaSpring] [main] org.hibernate.orm.jpa                    : HHH008540: Processing PersistenceUnitInfo [name: default]
2026-04-17T00:51:47.107+05:00  INFO 13472 --- [lab9JavaSpring] [main] org.hibernate.orm.core                   : HHH000001: Hibernate ORM core version 7.2.7.Final
2026-04-17T00:51:47.742+05:00  INFO 13472 --- [lab9JavaSpring] [main] o.s.o.j.p.SpringPersistenceUnitInfo      : No LoadTimeWeaver setup: ignoring JPA class transformer
2026-04-17T00:51:47.783+05:00  INFO 13472 --- [lab9JavaSpring] [main] com.zaxxer.hikari.HikariDataSource       : HikariPool-1 - Starting...
2026-04-17T00:51:47.967+05:00  INFO 13472 --- [lab9JavaSpring] [main] com.zaxxer.hikari.pool.HikariPool        : HikariPool-1 - Added connection org.postgresql.jdbc.PgConnection@71eaef6a
2026-04-17T00:51:47.968+05:00  INFO 13472 --- [lab9JavaSpring] [main] com.zaxxer.hikari.HikariDataSource       : HikariPool-1 - Start completed.
2026-04-17T00:51:48.075+05:00  INFO 13472 --- [lab9JavaSpring] [main] org.hibernate.orm.connections.pooling    : HHH10001005: Database info:
	Database JDBC URL [jdbc:postgresql://localhost:5432/lab9]
	Database driver: PostgreSQL JDBC Driver
	Database dialect: PostgreSQLDialect
	Database version: 17.4
	Default catalog/schema: lab9/public
	Autocommit mode: undefined/unknown
	Isolation level: READ_COMMITTED [default READ_COMMITTED]
	JDBC fetch size: none
	Pool: DataSourceConnectionProvider
	Minimum pool size: undefined/unknown
	Maximum pool size: undefined/unknown
2026-04-17T00:51:49.007+05:00  INFO 13472 --- [lab9JavaSpring] [main] org.hibernate.orm.core                   : HHH000489: No JTA platform available (set 'hibernate.transaction.jta.platform' to enable JTA platform integration)
2026-04-17T00:51:49.071+05:00  INFO 13472 --- [lab9JavaSpring] [main] j.LocalContainerEntityManagerFactoryBean : Initialized JPA EntityManagerFactory for persistence unit 'default'
2026-04-17T00:51:49.315+05:00  INFO 13472 --- [lab9JavaSpring] [main] org.mongodb.driver.client                : MongoClient with metadata {"driver": {"name": "mongo-java-driver|spring-boot|sync", "version": "5.6.4"}, "os": {"type": "Windows", "name": "Windows 11", "architecture": "amd64", "version": "10.0"}, "platform": "Java/JetBrains s.r.o./17.0.14+1-b1367.22"} created with settings MongoClientSettings{readPreference=primary, writeConcern=WriteConcern{w=null, wTimeout=null ms, journal=null}, retryWrites=true, retryReads=true, readConcern=ReadConcern{level=null}, credential=MongoCredential{mechanism=null, userName='admin', source='admin', password=<hidden>, mechanismProperties=<hidden>}, transportSettings=null, commandListeners=[io.micrometer.core.instrument.binder.mongodb.MongoMetricsCommandListener@2db0dd19], codecRegistry=ProvidersCodecRegistry{codecProviders=[ValueCodecProvider{}, BsonValueCodecProvider{}, DBRefCodecProvider{}, DBObjectCodecProvider{}, DocumentCodecProvider{}, CollectionCodecProvider{}, IterableCodecProvider{}, MapCodecProvider{}, GeoJsonCodecProvider{}, GridFSFileCodecProvider{}, Jsr310CodecProvider{}, JsonObjectCodecProvider{}, BsonCodecProvider{}, com.mongodb.client.model.mql.ExpressionCodecProvider@35ffe3ac, com.mongodb.Jep395RecordCodecProvider@60fc4450, com.mongodb.KotlinCodecProvider@2e674698, EnumCodecProvider{}]}, loggerSettings=LoggerSettings{maxDocumentLength=1000}, clusterSettings={hosts=[localhost:27017], srvServiceName=mongodb, mode=SINGLE, requiredClusterType=UNKNOWN, requiredReplicaSetName='null', serverSelector='null', clusterListeners='[]', serverSelectionTimeout='30000 ms', localThreshold='15 ms'}, socketSettings=SocketSettings{connectTimeoutMS=10000, readTimeoutMS=0, receiveBufferSize=0, proxySettings=ProxySettings{host=null, port=null, username=null, password=null}}, heartbeatSocketSettings=SocketSettings{connectTimeoutMS=10000, readTimeoutMS=10000, receiveBufferSize=0, proxySettings=ProxySettings{host=null, port=null, username=null, password=null}}, connectionPoolSettings=ConnectionPoolSettings{maxSize=100, minSize=0, maxWaitTimeMS=120000, maxConnectionLifeTimeMS=0, maxConnectionIdleTimeMS=0, maintenanceInitialDelayMS=0, maintenanceFrequencyMS=60000, connectionPoolListeners=[io.micrometer.core.instrument.binder.mongodb.MongoMetricsConnectionPoolListener@38320819], maxConnecting=2}, serverSettings=ServerSettings{heartbeatFrequencyMS=10000, minHeartbeatFrequencyMS=500, serverMonitoringMode=AUTO, serverListeners='[]', serverMonitorListeners='[]'}, sslSettings=SslSettings{enabled=false, invalidHostNameAllowed=false, context=null}, applicationName='null', compressorList=[], uuidRepresentation=UNSPECIFIED, serverApi=null, autoEncryptionSettings=null, dnsClient=null, inetAddressResolver=null, contextProvider=null, timeoutMS=null}
2026-04-17T00:51:49.325+05:00  INFO 13472 --- [lab9JavaSpring] [cluster-ClusterId{value='69e13dd56a8b707dafb6dd45', description='null'}-localhost:27017] org.mongodb.driver.cluster               : Monitor thread successfully connected to server with description ServerDescription{address=localhost:27017, type=STANDALONE, cryptd=false, state=CONNECTED, ok=true, minWireVersion=0, maxWireVersion=27, maxDocumentSize=16777216, logicalSessionTimeoutMinutes=30, roundTripTimeNanos=16132500, minRoundTripTimeNanos=0}
2026-04-17T00:51:49.632+05:00  INFO 13472 --- [lab9JavaSpring] [main] o.s.d.j.r.query.QueryEnhancerFactories   : Hibernate is in classpath; If applicable, HQL parser will be used.
2026-04-17T00:51:49.746+05:00  WARN 13472 --- [lab9JavaSpring] [main] JpaBaseConfiguration$JpaWebConfiguration : spring.jpa.open-in-view is enabled by default. Therefore, database queries may be performed during view rendering. Explicitly configure spring.jpa.open-in-view to disable this warning
2026-04-17T00:51:49.843+05:00  INFO 13472 --- [lab9JavaSpring] [main] r$InitializeUserDetailsManagerConfigurer : Global AuthenticationManager configured with UserDetailsService bean with name detailsService
2026-04-17T00:51:50.580+05:00  INFO 13472 --- [lab9JavaSpring] [main] o.s.b.a.e.web.EndpointLinksResolver      : Exposing 4 endpoints beneath base path '/actuator'
2026-04-17T00:51:50.707+05:00  INFO 13472 --- [lab9JavaSpring] [main] o.s.boot.tomcat.TomcatWebServer          : Tomcat started on port 8080 (http) with context path '/'
2026-04-17T00:51:50.723+05:00  INFO 13472 --- [lab9JavaSpring] [main] o.e.s.l.Lab9JavaSpringApplication        : Started Lab9JavaSpringApplication in 6.435 seconds (process running for 7.058)
2026-04-17T00:51:51.124+05:00  INFO 13472 --- [lab9JavaSpring] [RMI TCP Connection(2)-192.168.56.1] o.a.c.c.C.[Tomcat].[localhost].[/]       : Initializing Spring DispatcherServlet 'dispatcherServlet'
2026-04-17T00:51:51.125+05:00  INFO 13472 --- [lab9JavaSpring] [RMI TCP Connection(2)-192.168.56.1] o.s.web.servlet.DispatcherServlet        : Initializing Servlet 'dispatcherServlet'
2026-04-17T00:51:51.127+05:00  INFO 13472 --- [lab9JavaSpring] [RMI TCP Connection(2)-192.168.56.1] o.s.web.servlet.DispatcherServlet        : Completed initialization in 2 ms
2026-04-17T00:52:06.660+05:00  INFO 13472 --- [lab9JavaSpring] [http-nio-8080-exec-1] o.e.s.l.controller.UserController        : Получен запрос на регистрацию пользователя: nikita_dev1
2026-04-17T00:52:06.842+05:00  INFO 13472 --- [lab9JavaSpring] [http-nio-8080-exec-1] o.e.s.l.service.UserService              : Запуск процесса регистрации для пользователя: nikita_dev1
2026-04-17T00:52:07.455+05:00  INFO 13472 --- [lab9JavaSpring] [http-nio-8080-exec-1] o.e.s.l.service.UserService              : Отправка кода подтверждения на почту: test1@mail.kz
2026-04-17T00:52:20.619+05:00  INFO 13472 --- [lab9JavaSpring] [http-nio-8080-exec-1] o.e.s.l.service.EmailService             : Email успешно отправлен пользователю: test1@mail.kz
2026-04-17T00:52:20.620+05:00  INFO 13472 --- [lab9JavaSpring] [http-nio-8080-exec-1] o.e.s.l.service.UserService              : Пользователь nikita_dev1 успешно сохранен и ожидает подтверждения
2026-04-17T00:52:20.620+05:00  INFO 13472 --- [lab9JavaSpring] [http-nio-8080-exec-1] o.e.s.l.controller.UserController        : Пользователь nikita_dev1 успешно зарегистрирован
2026-04-17T00:53:13.977+05:00  INFO 13472 --- [lab9JavaSpring] [SpringApplicationShutdownHook] o.s.boot.tomcat.GracefulShutdown         : Commencing graceful shutdown. Waiting for active requests to complete
2026-04-17T00:53:14.252+05:00  INFO 13472 --- [lab9JavaSpring] [tomcat-shutdown] o.s.boot.tomcat.GracefulShutdown         : Graceful shutdown complete
2026-04-17T00:53:14.283+05:00  INFO 13472 --- [lab9JavaSpring] [SpringApplicationShutdownHook] j.LocalContainerEntityManagerFactoryBean : Closing JPA EntityManagerFactory for persistence unit 'default'
2026-04-17T00:53:14.287+05:00  INFO 13472 --- [lab9JavaSpring] [SpringApplicationShutdownHook] com.zaxxer.hikari.HikariDataSource       : HikariPool-1 - Shutdown initiated...
2026-04-17T00:53:14.289+05:00  INFO 13472 --- [lab9JavaSpring] [SpringApplicationShutdownHook] com.zaxxer.hikari.HikariDataSource       : HikariPool-1 - Shutdown completed.
